{"name": "test_search_functionality", "status": "broken", "statusDetails": {"message": "selenium.common.exceptions.TimeoutException: Message:", "trace": "setup = <selenium.webdriver.chrome.webdriver.WebDriver (session=\"0c22133593dad4d228b964fe15dee8c4\")>\n\n    def test_search_functionality(setup):\n        driver = setup\n        home_page = HomePage(driver)\n    \n        # Perform search\n        home_page.close_welcome_banner()\n>       home_page.search_button()\n\ntest_BH.py:28: \n_ _ _ _ _ _ _ _ _ _ _ _ _ _ _ _ _ _ _ _ _ _ _ _ _ _ _ _ _ _ _ _ _ _ _ _ _ _ _ _\n..\\Pages\\home_page.py:21: in search_button\n    self.click_element(By.XPATH, configData.XPATH[\"search_Button\"])\n..\\Pages\\basePage.py:19: in click_element\n    element = self.wait.until(EC.element_to_be_clickable((by, value)))\n_ _ _ _ _ _ _ _ _ _ _ _ _ _ _ _ _ _ _ _ _ _ _ _ _ _ _ _ _ _ _ _ _ _ _ _ _ _ _ _\n\nself = <selenium.webdriver.support.wait.WebDriverWait (session=\"0c22133593dad4d228b964fe15dee8c4\")>\nmethod = <function element_to_be_clickable.<locals>._predicate at 0x00000182562B0180>\nmessage = ''\n\n    def until(self, method: Callable[[D], Union[Literal[False], T]], message: str = \"\") -> T:\n        \"\"\"Wait until the method returns a value that is not False.\n    \n        Calls the method provided with the driver as an argument until the\n        return value does not evaluate to ``False``.\n    \n        Parameters:\n        ----------\n        method: callable(WebDriver)\n            - A callable object that takes a WebDriver instance as an argument.\n    \n        message: str\n            - Optional message for :exc:`TimeoutException`\n    \n        Return:\n        -------\n        object: T\n            - The result of the last call to `method`\n    \n        Raises:\n        -------\n        TimeoutException\n            - If 'method' does not return a truthy value within the WebDriverWait\n            object's timeout\n    \n        Example:\n        --------\n        >>> from selenium.webdriver.common.by import By\n        >>> from selenium.webdriver.support.ui import WebDriverWait\n        >>> from selenium.webdriver.support import expected_conditions as EC\n    \n        # Wait until an element is visible on the page\n        >>> wait = WebDriverWait(driver, 10)\n        >>> element = wait.until(EC.visibility_of_element_located((By.ID, \"exampleId\")))\n        >>> print(element.text)\n        \"\"\"\n        screen = None\n        stacktrace = None\n    \n        end_time = time.monotonic() + self._timeout\n        while True:\n            try:\n                value = method(self._driver)\n                if value:\n                    return value\n            except self._ignored_exceptions as exc:\n                screen = getattr(exc, \"screen\", None)\n                stacktrace = getattr(exc, \"stacktrace\", None)\n            if time.monotonic() > end_time:\n                break\n            time.sleep(self._poll)\n>       raise TimeoutException(message, screen, stacktrace)\nE       selenium.common.exceptions.TimeoutException: Message:\n\nD:\\Study\\BDD\\.venv1\\Lib\\site-packages\\selenium\\webdriver\\support\\wait.py:146: TimeoutException"}, "attachments": [{"name": "log", "source": "64098903-826b-4290-bcc9-41e5494352c1-attachment.txt", "type": "text/plain"}], "start": 1741520945830, "stop": 1741520956351, "uuid": "1c46b845-fc1e-4497-865e-7987a2d3deee", "historyId": "8f371d7e450277f65f038e80d0c327b5", "testCaseId": "8f371d7e450277f65f038e80d0c327b5", "fullName": "test_BH#test_search_functionality", "labels": [{"name": "suite", "value": "test_BH"}, {"name": "host", "value": "Shashi-Laptop"}, {"name": "thread", "value": "14564-MainThread"}, {"name": "framework", "value": "pytest"}, {"name": "language", "value": "cpython3"}, {"name": "package", "value": "test_BH"}]}