{"uid":"af852afa66b06797","name":"test_find_center_functionality","fullName":"test_BH#test_find_center_functionality","historyId":"2ce3ca604084842e2294f504f9340bfc","time":{"start":1741521447270,"stop":1741521458070,"duration":10800},"status":"broken","statusMessage":"selenium.common.exceptions.TimeoutException: Message:","statusTrace":"setup = <selenium.webdriver.chrome.webdriver.WebDriver (session=\"b11dbf03026d31d3b04e18394ceb04b0\")>\n\n    def test_find_center_functionality(setup):\n        driver = setup\n        home_page = HomePage(driver)\n    \n        # Navigate to Find Center\n        home_page.close_welcome_banner()\n>       home_page.find_center()\n\ntest_BH.py:46: \n_ _ _ _ _ _ _ _ _ _ _ _ _ _ _ _ _ _ _ _ _ _ _ _ _ _ _ _ _ _ _ _ _ _ _ _ _ _ _ _\n..\\Pages\\home_page.py:53: in find_center\n    self.click_element(By.XPATH, configData.XPATH[\"find_Center\"])\n..\\Pages\\basePage.py:19: in click_element\n    element = self.wait.until(EC.element_to_be_clickable((by, value)))\n_ _ _ _ _ _ _ _ _ _ _ _ _ _ _ _ _ _ _ _ _ _ _ _ _ _ _ _ _ _ _ _ _ _ _ _ _ _ _ _\n\nself = <selenium.webdriver.support.wait.WebDriverWait (session=\"b11dbf03026d31d3b04e18394ceb04b0\")>\nmethod = <function element_to_be_clickable.<locals>._predicate at 0x000001F77BD9B420>\nmessage = ''\n\n    def until(self, method: Callable[[D], Union[Literal[False], T]], message: str = \"\") -> T:\n        \"\"\"Wait until the method returns a value that is not False.\n    \n        Calls the method provided with the driver as an argument until the\n        return value does not evaluate to ``False``.\n    \n        Parameters:\n        ----------\n        method: callable(WebDriver)\n            - A callable object that takes a WebDriver instance as an argument.\n    \n        message: str\n            - Optional message for :exc:`TimeoutException`\n    \n        Return:\n        -------\n        object: T\n            - The result of the last call to `method`\n    \n        Raises:\n        -------\n        TimeoutException\n            - If 'method' does not return a truthy value within the WebDriverWait\n            object's timeout\n    \n        Example:\n        --------\n        >>> from selenium.webdriver.common.by import By\n        >>> from selenium.webdriver.support.ui import WebDriverWait\n        >>> from selenium.webdriver.support import expected_conditions as EC\n    \n        # Wait until an element is visible on the page\n        >>> wait = WebDriverWait(driver, 10)\n        >>> element = wait.until(EC.visibility_of_element_located((By.ID, \"exampleId\")))\n        >>> print(element.text)\n        \"\"\"\n        screen = None\n        stacktrace = None\n    \n        end_time = time.monotonic() + self._timeout\n        while True:\n            try:\n                value = method(self._driver)\n                if value:\n                    return value\n            except self._ignored_exceptions as exc:\n                screen = getattr(exc, \"screen\", None)\n                stacktrace = getattr(exc, \"stacktrace\", None)\n            if time.monotonic() > end_time:\n                break\n            time.sleep(self._poll)\n>       raise TimeoutException(message, screen, stacktrace)\nE       selenium.common.exceptions.TimeoutException: Message:\n\nD:\\Study\\BDD\\.venv1\\Lib\\site-packages\\selenium\\webdriver\\support\\wait.py:146: TimeoutException","flaky":false,"newFailed":false,"newBroken":false,"newPassed":false,"retriesCount":1,"retriesStatusChange":false,"beforeStages":[{"name":"setup","time":{"start":1741521434587,"stop":1741521447269,"duration":12682},"status":"passed","steps":[],"attachments":[],"parameters":[],"shouldDisplayMessage":false,"attachmentsCount":0,"hasContent":false,"stepsCount":0,"attachmentStep":false}],"testStage":{"status":"broken","statusMessage":"selenium.common.exceptions.TimeoutException: Message:","statusTrace":"setup = <selenium.webdriver.chrome.webdriver.WebDriver (session=\"b11dbf03026d31d3b04e18394ceb04b0\")>\n\n    def test_find_center_functionality(setup):\n        driver = setup\n        home_page = HomePage(driver)\n    \n        # Navigate to Find Center\n        home_page.close_welcome_banner()\n>       home_page.find_center()\n\ntest_BH.py:46: \n_ _ _ _ _ _ _ _ _ _ _ _ _ _ _ _ _ _ _ _ _ _ _ _ _ _ _ _ _ _ _ _ _ _ _ _ _ _ _ _\n..\\Pages\\home_page.py:53: in find_center\n    self.click_element(By.XPATH, configData.XPATH[\"find_Center\"])\n..\\Pages\\basePage.py:19: in click_element\n    element = self.wait.until(EC.element_to_be_clickable((by, value)))\n_ _ _ _ _ _ _ _ _ _ _ _ _ _ _ _ _ _ _ _ _ _ _ _ _ _ _ _ _ _ _ _ _ _ _ _ _ _ _ _\n\nself = <selenium.webdriver.support.wait.WebDriverWait (session=\"b11dbf03026d31d3b04e18394ceb04b0\")>\nmethod = <function element_to_be_clickable.<locals>._predicate at 0x000001F77BD9B420>\nmessage = ''\n\n    def until(self, method: Callable[[D], Union[Literal[False], T]], message: str = \"\") -> T:\n        \"\"\"Wait until the method returns a value that is not False.\n    \n        Calls the method provided with the driver as an argument until the\n        return value does not evaluate to ``False``.\n    \n        Parameters:\n        ----------\n        method: callable(WebDriver)\n            - A callable object that takes a WebDriver instance as an argument.\n    \n        message: str\n            - Optional message for :exc:`TimeoutException`\n    \n        Return:\n        -------\n        object: T\n            - The result of the last call to `method`\n    \n        Raises:\n        -------\n        TimeoutException\n            - If 'method' does not return a truthy value within the WebDriverWait\n            object's timeout\n    \n        Example:\n        --------\n        >>> from selenium.webdriver.common.by import By\n        >>> from selenium.webdriver.support.ui import WebDriverWait\n        >>> from selenium.webdriver.support import expected_conditions as EC\n    \n        # Wait until an element is visible on the page\n        >>> wait = WebDriverWait(driver, 10)\n        >>> element = wait.until(EC.visibility_of_element_located((By.ID, \"exampleId\")))\n        >>> print(element.text)\n        \"\"\"\n        screen = None\n        stacktrace = None\n    \n        end_time = time.monotonic() + self._timeout\n        while True:\n            try:\n                value = method(self._driver)\n                if value:\n                    return value\n            except self._ignored_exceptions as exc:\n                screen = getattr(exc, \"screen\", None)\n                stacktrace = getattr(exc, \"stacktrace\", None)\n            if time.monotonic() > end_time:\n                break\n            time.sleep(self._poll)\n>       raise TimeoutException(message, screen, stacktrace)\nE       selenium.common.exceptions.TimeoutException: Message:\n\nD:\\Study\\BDD\\.venv1\\Lib\\site-packages\\selenium\\webdriver\\support\\wait.py:146: TimeoutException","steps":[],"attachments":[{"uid":"f723d42fba97a549","name":"log","source":"f723d42fba97a549.txt","type":"text/plain","size":476}],"parameters":[],"shouldDisplayMessage":true,"attachmentsCount":1,"hasContent":true,"stepsCount":0,"attachmentStep":false},"afterStages":[{"name":"setup::0","time":{"start":1741521458082,"stop":1741521460289,"duration":2207},"status":"passed","steps":[],"attachments":[],"parameters":[],"shouldDisplayMessage":false,"attachmentsCount":0,"hasContent":false,"stepsCount":0,"attachmentStep":false}],"labels":[{"name":"suite","value":"test_BH"},{"name":"host","value":"Shashi-Laptop"},{"name":"thread","value":"7192-MainThread"},{"name":"framework","value":"pytest"},{"name":"language","value":"cpython3"},{"name":"package","value":"test_BH"},{"name":"resultFormat","value":"allure2"}],"parameters":[],"links":[],"hidden":false,"retry":false,"extra":{"severity":"normal","retries":[{"uid":"c98c051096d3fb16","status":"broken","statusDetails":"selenium.common.exceptions.TimeoutException: Message:","time":{"start":1741520974292,"stop":1741520984671,"duration":10379}}],"categories":[{"name":"Test defects","matchedStatuses":[],"flaky":false}],"history":{"statistic":{"failed":0,"broken":2,"skipped":0,"passed":0,"unknown":0,"total":2},"items":[{"uid":"beb88685aa632914","reportUrl":"http://localhost:8080/job/TestBH/2/allure/#testresult/beb88685aa632914","status":"broken","statusDetails":"selenium.common.exceptions.TimeoutException: Message:","time":{"start":1741521447270,"stop":1741521458070,"duration":10800}}]},"tags":[]},"source":"af852afa66b06797.json","parameterValues":[]}